<?xml version="1.0" encoding="UTF-8"?>
<!-- Generated by org.testng.reporters.JUnitXMLReporter -->
<testsuite hostname="DESKTOP-TA3D90D" ignored="2" name="Regression1" tests="7" failures="0" timestamp="2021-01-15T18:31:36 EST" time="0.112" errors="0">
  <testcase name="test1" time="0.007" classname="Selenium.TestNgPractice"/>
  <testcase name="test1" time="0.002" classname="Selenium.TestNgPractice"/>
  <testcase name="test1" time="0.001" classname="Selenium.TestNgPractice"/>
  <testcase name="test2" time="0.002" classname="Selenium.TestNgPractice"/>
  <testcase name="test3" time="0.002" classname="Selenium.TestNgPractice"/>
  <testcase name="test6" time="0.001" classname="Selenium.TestNgPractice"/>
  <testcase name="test7" time="0.002" classname="Selenium.TestNgPractice"/>
  <testcase name="test4" time="0.0" classname="Selenium.TestNgPractice">
    <ignored/>
  </testcase> <!-- test4 -->
  <testcase name="test5" time="0.0" classname="Selenium.TestNgPractice">
    <ignored/>
  </testcase> <!-- test5 -->
</testsuite> <!-- Regression1 -->
