<?xml version="1.0" encoding="UTF-8"?>
<!-- Generated by org.testng.reporters.JUnitXMLReporter -->
<testsuite hostname="DESKTOP-TA3D90D" ignored="0" name="Surefire test" tests="8" failures="0" timestamp="2020-04-27T19:16:42 EDT" time="117.6" errors="0">
  <testcase name="doMove" time="0.393" classname="dutta.TestBootStrapDatePicker"/>
  <testcase name="doMove" time="0.783" classname="dutta.TestDatePicker"/>
  <testcase name="doMove" time="5.256" classname="dutta.TestDualListBox"/>
  <testcase name="dologin" time="0.153" classname="dutta.TestHighlight"/>
  <testcase name="doMove" time="2.603" classname="dutta.TestTab"/>
  <testcase name="doOpentab" time="2.985" classname="dutta.TestTab"/>
  <testcase name="doPrintTableData" time="0.651" classname="dutta.TestWebtable"/>
  <testcase name="doPrint" time="0.519" classname="dutta.TestWebtable1"/>
</testsuite> <!-- Surefire test -->
