<?xml version="1.0" encoding="UTF-8"?>
<!-- Generated by org.testng.reporters.JUnitXMLReporter -->
<testsuite hostname="DESKTOP-TA3D90D" ignored="1" name="Default test" tests="6" failures="0" timestamp="2020-12-27T10:35:52 EST" time="0.1" errors="0">
  <testcase name="test1" time="0.007" classname="Selenium.TestNgPractice"/>
  <testcase name="test2" time="0.002" classname="Selenium.TestNgPractice"/>
  <testcase name="test4" time="0.002" classname="Selenium.TestNgPractice"/>
  <testcase name="test5" time="0.002" classname="Selenium.TestNgPractice"/>
  <testcase name="test6" time="0.003" classname="Selenium.TestNgPractice"/>
  <testcase name="test7" time="0.003" classname="Selenium.TestNgPractice"/>
  <testcase name="test3" time="0.0" classname="Selenium.TestNgPractice">
    <ignored/>
  </testcase> <!-- test3 -->
</testsuite> <!-- Default test -->
