<?xml version="1.0" encoding="UTF-8"?>
<testsuite xmlns:xsi="http://www.w3.org/2001/XMLSchema-instance" xsi:noNamespaceSchemaLocation="https://maven.apache.org/surefire/maven-surefire-plugin/xsd/surefire-test-report.xsd" name="TestSuite" time="118.36" tests="8" errors="0" skipped="0" failures="0">
  <properties>
[...]
</properties>
  <testcase name="doMove" classname="dutta.TestBootStrapDatePicker" time="0.398"/>
  <testcase name="doMove" classname="dutta.TestDatePicker" time="0.782"/>
  <testcase name="doMove" classname="dutta.TestDualListBox" time="5.255"/>
  <testcase name="dologin" classname="dutta.TestHighlight" time="0.155"/>
  <testcase name="doMove" classname="dutta.TestTab" time="2.61"/>
  <testcase name="doOpentab" classname="dutta.TestTab" time="2.979"/>
  <testcase name="doPrintTableData" classname="dutta.TestWebtable" time="0.65"/>
  <testcase name="doPrint" classname="dutta.TestWebtable1" time="0.518"/>
</testsuite>