<?xml version="1.0" encoding="UTF-8"?>
<testng-results skipped="0" failed="0" ignored="0" total="1" passed="1">
  <reporter-output>
  </reporter-output>
  <suite name="Default suite" duration-ms="8829" started-at="2020-05-15T14:34:23 EDT" finished-at="2020-05-15T14:34:31 EDT">
    <groups>
    </groups>
    <test name="Default test" duration-ms="8829" started-at="2020-05-15T14:34:23 EDT" finished-at="2020-05-15T14:34:31 EDT">
      <class name="dutta.WebtableTest">
        <test-method status="PASS" signature="doNavigate()[pri:0, instance:dutta.WebtableTest@79be0360]" name="doNavigate" is-config="true" duration-ms="7953" started-at="2020-05-15T14:34:23 EDT" finished-at="2020-05-15T14:34:31 EDT">
          <reporter-output>
          </reporter-output>
        </test-method> <!-- doNavigate -->
        <test-method status="PASS" signature="doPrintTableData()[pri:0, instance:dutta.WebtableTest@79be0360]" name="doPrintTableData" duration-ms="615" started-at="2020-05-15T14:34:31 EDT" finished-at="2020-05-15T14:34:31 EDT">
          <reporter-output>
          </reporter-output>
        </test-method> <!-- doPrintTableData -->
        <test-method status="PASS" signature="doClose()[pri:0, instance:dutta.WebtableTest@79be0360]" name="doClose" is-config="true" duration-ms="212" started-at="2020-05-15T14:34:31 EDT" finished-at="2020-05-15T14:34:31 EDT">
          <reporter-output>
          </reporter-output>
        </test-method> <!-- doClose -->
      </class> <!-- dutta.WebtableTest -->
    </test> <!-- Default test -->
  </suite> <!-- Default suite -->
</testng-results>
